<?xml version="1.0" encoding="UTF-8"?>
<testng-results ignored="0" total="1" passed="1" failed="0" skipped="0">
  <reporter-output>
  </reporter-output>
  <suite started-at="2023-01-01T21:03:20 IST" name="Suite" finished-at="2023-01-01T21:04:17 IST" duration-ms="56254">
    <groups>
    </groups>
    <test started-at="2023-01-01T21:03:20 IST" name="Test" finished-at="2023-01-01T21:04:17 IST" duration-ms="56254">
      <class name="com.testcases.HomePageTest">
        <test-method is-config="true" signature="setUp()[pri:0, instance:com.testcases.HomePageTest@68c72235]" started-at="2023-01-01T21:03:20 IST" name="setUp" finished-at="2023-01-01T21:04:09 IST" duration-ms="48368" status="PASS">
          <reporter-output>
          </reporter-output>
        </test-method> <!-- setUp -->
        <test-method signature="homePage()[pri:0, instance:com.testcases.HomePageTest@68c72235]" started-at="2023-01-01T21:04:09 IST" name="homePage" finished-at="2023-01-01T21:04:16 IST" duration-ms="7349" status="PASS">
          <reporter-output>
          </reporter-output>
        </test-method> <!-- homePage -->
        <test-method is-config="true" signature="tearDown()[pri:0, instance:com.testcases.HomePageTest@68c72235]" started-at="2023-01-01T21:04:16 IST" name="tearDown" finished-at="2023-01-01T21:04:17 IST" duration-ms="512" status="PASS">
          <reporter-output>
          </reporter-output>
        </test-method> <!-- tearDown -->
      </class> <!-- com.testcases.HomePageTest -->
    </test> <!-- Test -->
  </suite> <!-- Suite -->
</testng-results>
