<?xml version="1.0" encoding="UTF-8"?>
<testng-results ignored="0" total="1" passed="1" failed="0" skipped="0">
  <reporter-output>
  </reporter-output>
  <suite started-at="2022-12-30T21:34:36 IST" name="Suite" finished-at="2022-12-30T21:35:32 IST" duration-ms="56130">
    <groups>
    </groups>
    <test started-at="2022-12-30T21:34:36 IST" name="Test" finished-at="2022-12-30T21:35:32 IST" duration-ms="56130">
      <class name="com.testcases.HomePageTest">
        <test-method is-config="true" signature="setUp()[pri:0, instance:com.testcases.HomePageTest@68c72235]" started-at="2022-12-30T21:34:36 IST" name="setUp" finished-at="2022-12-30T21:35:24 IST" duration-ms="48235" status="PASS">
          <reporter-output>
          </reporter-output>
        </test-method> <!-- setUp -->
        <test-method signature="homePage()[pri:0, instance:com.testcases.HomePageTest@68c72235]" started-at="2022-12-30T21:35:24 IST" name="homePage" finished-at="2022-12-30T21:35:32 IST" duration-ms="7331" status="PASS">
          <reporter-output>
          </reporter-output>
        </test-method> <!-- homePage -->
        <test-method is-config="true" signature="tearDown()[pri:0, instance:com.testcases.HomePageTest@68c72235]" started-at="2022-12-30T21:35:32 IST" name="tearDown" finished-at="2022-12-30T21:35:32 IST" duration-ms="539" status="PASS">
          <reporter-output>
          </reporter-output>
        </test-method> <!-- tearDown -->
      </class> <!-- com.testcases.HomePageTest -->
    </test> <!-- Test -->
  </suite> <!-- Suite -->
</testng-results>
